{"/repos/desarrollos/meli/front/meli/src/index.js": {"path":"/repos/desarrollos/meli/front/meli/src/index.js","statementMap":{"0":{"start":{"line":7,"column":0},"end":{"line":14,"column":2}},"1":{"start":{"line":10,"column":41},"end":{"line":10,"column":65}}},"fnMap":{"0":{"name":"(anonymous_0)","decl":{"start":{"line":10,"column":30},"end":{"line":10,"column":31}},"loc":{"start":{"line":10,"column":41},"end":{"line":10,"column":65}},"line":10}},"branchMap":{},"s":{"0":0,"1":0},"f":{"0":0},"b":{}}
,"/repos/desarrollos/meli/front/meli/src/components/BreadCrumb/BreadCrumb.js": {"path":"/repos/desarrollos/meli/front/meli/src/components/BreadCrumb/BreadCrumb.js","statementMap":{"0":{"start":{"line":6,"column":4},"end":{"line":14,"column":6}},"1":{"start":{"line":10,"column":66},"end":{"line":10,"column":178}}},"fnMap":{"0":{"name":"BreadCrumb","decl":{"start":{"line":5,"column":9},"end":{"line":5,"column":19}},"loc":{"start":{"line":5,"column":34},"end":{"line":15,"column":1}},"line":5},"1":{"name":"(anonymous_1)","decl":{"start":{"line":10,"column":45},"end":{"line":10,"column":46}},"loc":{"start":{"line":10,"column":66},"end":{"line":10,"column":178}},"line":10}},"branchMap":{"0":{"loc":{"start":{"line":10,"column":16},"end":{"line":10,"column":179}},"type":"binary-expr","locations":[{"start":{"line":10,"column":16},"end":{"line":10,"column":26}},{"start":{"line":10,"column":30},"end":{"line":10,"column":179}}],"line":10},"1":{"loc":{"start":{"line":10,"column":103},"end":{"line":10,"column":148}},"type":"cond-expr","locations":[{"start":{"line":10,"column":136},"end":{"line":10,"column":140}},{"start":{"line":10,"column":143},"end":{"line":10,"column":148}}],"line":10}},"s":{"0":2,"1":2},"f":{"0":2,"1":2},"b":{"0":[2,1],"1":[1,1]},"_coverageSchema":"1a1c01bbd47fc00a2c39e90264f33305004495a9","hash":"610f55d6e1c843f93be867c9d8fcd4cb51f05e24"}
,"/repos/desarrollos/meli/front/meli/src/components/Loader/Loader.js": {"path":"/repos/desarrollos/meli/front/meli/src/components/Loader/Loader.js","statementMap":{"0":{"start":{"line":4,"column":4},"end":{"line":6,"column":6}}},"fnMap":{"0":{"name":"Loader","decl":{"start":{"line":3,"column":9},"end":{"line":3,"column":15}},"loc":{"start":{"line":3,"column":18},"end":{"line":7,"column":1}},"line":3}},"branchMap":{},"s":{"0":1},"f":{"0":1},"b":{},"_coverageSchema":"1a1c01bbd47fc00a2c39e90264f33305004495a9","hash":"9a8f7c1c0b0f9896a665d9a0d24a3aac4a59863f"}
,"/repos/desarrollos/meli/front/meli/src/components/Searchbox/SearchBox.js": {"path":"/repos/desarrollos/meli/front/meli/src/components/Searchbox/SearchBox.js","statementMap":{"0":{"start":{"line":7,"column":30},"end":{"line":7,"column":42}},"1":{"start":{"line":9,"column":19},"end":{"line":11,"column":5}},"2":{"start":{"line":10,"column":8},"end":{"line":10,"column":36}},"3":{"start":{"line":13,"column":19},"end":{"line":21,"column":5}},"4":{"start":{"line":14,"column":18},"end":{"line":14,"column":42}},"5":{"start":{"line":16,"column":23},"end":{"line":16,"column":47}},"6":{"start":{"line":17,"column":8},"end":{"line":19,"column":9}},"7":{"start":{"line":18,"column":12},"end":{"line":18,"column":36}},"8":{"start":{"line":20,"column":8},"end":{"line":20,"column":35}},"9":{"start":{"line":23,"column":30},"end":{"line":25,"column":5}},"10":{"start":{"line":24,"column":8},"end":{"line":24,"column":37}},"11":{"start":{"line":27,"column":4},"end":{"line":48,"column":6}}},"fnMap":{"0":{"name":"SearchBox","decl":{"start":{"line":6,"column":9},"end":{"line":6,"column":18}},"loc":{"start":{"line":6,"column":21},"end":{"line":49,"column":1}},"line":6},"1":{"name":"(anonymous_1)","decl":{"start":{"line":9,"column":19},"end":{"line":9,"column":20}},"loc":{"start":{"line":9,"column":25},"end":{"line":11,"column":5}},"line":9},"2":{"name":"(anonymous_2)","decl":{"start":{"line":13,"column":19},"end":{"line":13,"column":20}},"loc":{"start":{"line":13,"column":25},"end":{"line":21,"column":5}},"line":13},"3":{"name":"(anonymous_3)","decl":{"start":{"line":23,"column":30},"end":{"line":23,"column":31}},"loc":{"start":{"line":23,"column":41},"end":{"line":25,"column":5}},"line":23}},"branchMap":{"0":{"loc":{"start":{"line":17,"column":8},"end":{"line":19,"column":9}},"type":"if","locations":[{"start":{"line":17,"column":8},"end":{"line":19,"column":9}},{"start":{"line":17,"column":8},"end":{"line":19,"column":9}}],"line":17}},"s":{"0":5,"1":5,"2":1,"3":5,"4":2,"5":2,"6":2,"7":1,"8":2,"9":5,"10":1,"11":5},"f":{"0":5,"1":1,"2":2,"3":1},"b":{"0":[1,1]},"_coverageSchema":"1a1c01bbd47fc00a2c39e90264f33305004495a9","hash":"bb3cf7b182c97af6b7f6c68160a6fe21384c1dae"}
,"/repos/desarrollos/meli/front/meli/src/hooks/useFetchDataItem.js": {"path":"/repos/desarrollos/meli/front/meli/src/hooks/useFetchDataItem.js","statementMap":{"0":{"start":{"line":4,"column":32},"end":{"line":28,"column":1}},"1":{"start":{"line":5,"column":34},"end":{"line":5,"column":46}},"2":{"start":{"line":6,"column":40},"end":{"line":6,"column":52}},"3":{"start":{"line":7,"column":34},"end":{"line":7,"column":49}},"4":{"start":{"line":8,"column":36},"end":{"line":8,"column":51}},"5":{"start":{"line":10,"column":4},"end":{"line":25,"column":11}},"6":{"start":{"line":11,"column":8},"end":{"line":11,"column":25}},"7":{"start":{"line":12,"column":19},"end":{"line":12,"column":60}},"8":{"start":{"line":13,"column":8},"end":{"line":24,"column":11}},"9":{"start":{"line":14,"column":26},"end":{"line":14,"column":41}},"10":{"start":{"line":16,"column":12},"end":{"line":21,"column":13}},"11":{"start":{"line":17,"column":16},"end":{"line":17,"column":57}},"12":{"start":{"line":18,"column":16},"end":{"line":18,"column":43}},"13":{"start":{"line":20,"column":16},"end":{"line":20,"column":34}},"14":{"start":{"line":23,"column":12},"end":{"line":23,"column":30}},"15":{"start":{"line":27,"column":4},"end":{"line":27,"column":52}}},"fnMap":{"0":{"name":"(anonymous_0)","decl":{"start":{"line":4,"column":32},"end":{"line":4,"column":33}},"loc":{"start":{"line":4,"column":38},"end":{"line":28,"column":1}},"line":4},"1":{"name":"(anonymous_1)","decl":{"start":{"line":10,"column":14},"end":{"line":10,"column":15}},"loc":{"start":{"line":10,"column":20},"end":{"line":25,"column":5}},"line":10},"2":{"name":"(anonymous_2)","decl":{"start":{"line":14,"column":14},"end":{"line":14,"column":15}},"loc":{"start":{"line":14,"column":26},"end":{"line":14,"column":41}},"line":14},"3":{"name":"(anonymous_3)","decl":{"start":{"line":15,"column":14},"end":{"line":15,"column":15}},"loc":{"start":{"line":15,"column":22},"end":{"line":24,"column":9}},"line":15}},"branchMap":{"0":{"loc":{"start":{"line":16,"column":12},"end":{"line":21,"column":13}},"type":"if","locations":[{"start":{"line":16,"column":12},"end":{"line":21,"column":13}},{"start":{"line":16,"column":12},"end":{"line":21,"column":13}}],"line":16}},"s":{"0":1,"1":1,"2":1,"3":1,"4":1,"5":1,"6":0,"7":0,"8":0,"9":0,"10":0,"11":0,"12":0,"13":0,"14":0,"15":1},"f":{"0":1,"1":0,"2":0,"3":0},"b":{"0":[0,0]},"_coverageSchema":"1a1c01bbd47fc00a2c39e90264f33305004495a9","hash":"034df8463315a20f849b994dbe2aa282bc85979a"}
,"/repos/desarrollos/meli/front/meli/src/hooks/useFetchDataSearch.js": {"path":"/repos/desarrollos/meli/front/meli/src/hooks/useFetchDataSearch.js","statementMap":{"0":{"start":{"line":5,"column":34},"end":{"line":25,"column":1}},"1":{"start":{"line":6,"column":36},"end":{"line":6,"column":48}},"2":{"start":{"line":7,"column":40},"end":{"line":7,"column":52}},"3":{"start":{"line":8,"column":34},"end":{"line":8,"column":49}},"4":{"start":{"line":10,"column":4},"end":{"line":22,"column":22}},"5":{"start":{"line":11,"column":8},"end":{"line":11,"column":25}},"6":{"start":{"line":12,"column":21},"end":{"line":12,"column":51}},"7":{"start":{"line":13,"column":22},"end":{"line":13,"column":33}},"8":{"start":{"line":14,"column":8},"end":{"line":21,"column":11}},"9":{"start":{"line":15,"column":26},"end":{"line":15,"column":41}},"10":{"start":{"line":17,"column":12},"end":{"line":17,"column":30}},"11":{"start":{"line":18,"column":12},"end":{"line":18,"column":41}},"12":{"start":{"line":19,"column":12},"end":{"line":19,"column":48}},"13":{"start":{"line":20,"column":12},"end":{"line":20,"column":30}},"14":{"start":{"line":24,"column":4},"end":{"line":24,"column":43}}},"fnMap":{"0":{"name":"(anonymous_0)","decl":{"start":{"line":5,"column":34},"end":{"line":5,"column":35}},"loc":{"start":{"line":5,"column":51},"end":{"line":25,"column":1}},"line":5},"1":{"name":"(anonymous_1)","decl":{"start":{"line":10,"column":14},"end":{"line":10,"column":15}},"loc":{"start":{"line":10,"column":20},"end":{"line":22,"column":5}},"line":10},"2":{"name":"(anonymous_2)","decl":{"start":{"line":15,"column":14},"end":{"line":15,"column":15}},"loc":{"start":{"line":15,"column":26},"end":{"line":15,"column":41}},"line":15},"3":{"name":"(anonymous_3)","decl":{"start":{"line":16,"column":14},"end":{"line":16,"column":15}},"loc":{"start":{"line":16,"column":22},"end":{"line":21,"column":9}},"line":16}},"branchMap":{},"s":{"0":1,"1":1,"2":1,"3":1,"4":1,"5":0,"6":0,"7":0,"8":0,"9":0,"10":0,"11":0,"12":0,"13":0,"14":1},"f":{"0":1,"1":0,"2":0,"3":0},"b":{},"_coverageSchema":"1a1c01bbd47fc00a2c39e90264f33305004495a9","hash":"3bdc72a2f22ede72981a345e8b1a85bdd9c2a94d"}
,"/repos/desarrollos/meli/front/meli/src/services/meli.service.js": {"path":"/repos/desarrollos/meli/front/meli/src/services/meli.service.js","statementMap":{"0":{"start":{"line":1,"column":16},"end":{"line":1,"column":43}},"1":{"start":{"line":3,"column":23},"end":{"line":5,"column":1}},"2":{"start":{"line":4,"column":4},"end":{"line":4,"column":48}},"3":{"start":{"line":7,"column":26},"end":{"line":9,"column":1}},"4":{"start":{"line":8,"column":4},"end":{"line":8,"column":43}}},"fnMap":{"0":{"name":"(anonymous_0)","decl":{"start":{"line":3,"column":23},"end":{"line":3,"column":24}},"loc":{"start":{"line":3,"column":40},"end":{"line":5,"column":1}},"line":3},"1":{"name":"(anonymous_1)","decl":{"start":{"line":7,"column":26},"end":{"line":7,"column":27}},"loc":{"start":{"line":7,"column":40},"end":{"line":9,"column":1}},"line":7}},"branchMap":{},"s":{"0":3,"1":3,"2":1,"3":3,"4":1},"f":{"0":1,"1":1},"b":{},"_coverageSchema":"1a1c01bbd47fc00a2c39e90264f33305004495a9","hash":"d318d6e8bc0da82699a57b0129054b709fe12958"}
,"/repos/desarrollos/meli/front/meli/src/views/detail/detail.js": {"path":"/repos/desarrollos/meli/front/meli/src/views/detail/detail.js","statementMap":{"0":{"start":{"line":7,"column":53},"end":{"line":7,"column":71}},"1":{"start":{"line":9,"column":4},"end":{"line":15,"column":6}}},"fnMap":{"0":{"name":"Detail","decl":{"start":{"line":6,"column":9},"end":{"line":6,"column":15}},"loc":{"start":{"line":6,"column":18},"end":{"line":16,"column":1}},"line":6}},"branchMap":{"0":{"loc":{"start":{"line":11,"column":13},"end":{"line":13,"column":87}},"type":"cond-expr","locations":[{"start":{"line":12,"column":14},"end":{"line":12,"column":24}},{"start":{"line":13,"column":14},"end":{"line":13,"column":87}}],"line":11}},"s":{"0":1,"1":1},"f":{"0":1},"b":{"0":[0,1]},"_coverageSchema":"1a1c01bbd47fc00a2c39e90264f33305004495a9","hash":"b5ecff3241d2e74ed91f4af6277c55364563a9a8"}
,"/repos/desarrollos/meli/front/meli/src/views/detail/product.js": {"path":"/repos/desarrollos/meli/front/meli/src/views/detail/product.js","statementMap":{"0":{"start":{"line":7,"column":4},"end":{"line":36,"column":6}}},"fnMap":{"0":{"name":"Product","decl":{"start":{"line":6,"column":9},"end":{"line":6,"column":16}},"loc":{"start":{"line":6,"column":50},"end":{"line":37,"column":1}},"line":6}},"branchMap":{"0":{"loc":{"start":{"line":9,"column":13},"end":{"line":34,"column":15}},"type":"cond-expr","locations":[{"start":{"line":10,"column":14},"end":{"line":10,"column":57}},{"start":{"line":11,"column":14},"end":{"line":34,"column":15}}],"line":9},"1":{"loc":{"start":{"line":19,"column":46},"end":{"line":19,"column":93}},"type":"cond-expr","locations":[{"start":{"line":19,"column":76},"end":{"line":19,"column":83}},{"start":{"line":19,"column":86},"end":{"line":19,"column":93}}],"line":19},"2":{"loc":{"start":{"line":19,"column":98},"end":{"line":19,"column":198}},"type":"cond-expr","locations":[{"start":{"line":19,"column":126},"end":{"line":19,"column":161}},{"start":{"line":19,"column":164},"end":{"line":19,"column":198}}],"line":19},"3":{"loc":{"start":{"line":29,"column":32},"end":{"line":29,"column":79}},"type":"cond-expr","locations":[{"start":{"line":29,"column":54},"end":{"line":29,"column":73}},{"start":{"line":29,"column":76},"end":{"line":29,"column":79}}],"line":29}},"s":{"0":1},"f":{"0":1},"b":{"0":[0,1],"1":[1,0],"2":[0,1],"3":[1,0]},"_coverageSchema":"1a1c01bbd47fc00a2c39e90264f33305004495a9","hash":"0597589ff370c0c401df0bfc225563d2f0115c36"}
,"/repos/desarrollos/meli/front/meli/src/views/layouts/Ecommerce.js": {"path":"/repos/desarrollos/meli/front/meli/src/views/layouts/Ecommerce.js","statementMap":{"0":{"start":{"line":10,"column":2},"end":{"line":28,"column":4}},"1":{"start":{"line":22,"column":53},"end":{"line":22,"column":77}},"2":{"start":{"line":23,"column":49},"end":{"line":23,"column":96}}},"fnMap":{"0":{"name":"Ecommerce","decl":{"start":{"line":9,"column":9},"end":{"line":9,"column":18}},"loc":{"start":{"line":9,"column":26},"end":{"line":29,"column":1}},"line":9},"1":{"name":"(anonymous_1)","decl":{"start":{"line":22,"column":47},"end":{"line":22,"column":48}},"loc":{"start":{"line":22,"column":53},"end":{"line":22,"column":77}},"line":22},"2":{"name":"(anonymous_2)","decl":{"start":{"line":23,"column":43},"end":{"line":23,"column":44}},"loc":{"start":{"line":23,"column":49},"end":{"line":23,"column":96}},"line":23}},"branchMap":{},"s":{"0":0,"1":0,"2":0},"f":{"0":0,"1":0,"2":0},"b":{}}
,"/repos/desarrollos/meli/front/meli/src/views/results/card.js": {"path":"/repos/desarrollos/meli/front/meli/src/views/results/card.js","statementMap":{"0":{"start":{"line":7,"column":4},"end":{"line":27,"column":6}}},"fnMap":{"0":{"name":"Card","decl":{"start":{"line":6,"column":9},"end":{"line":6,"column":13}},"loc":{"start":{"line":6,"column":25},"end":{"line":28,"column":1}},"line":6}},"branchMap":{"0":{"loc":{"start":{"line":15,"column":38},"end":{"line":15,"column":84}},"type":"cond-expr","locations":[{"start":{"line":15,"column":62},"end":{"line":15,"column":74}},{"start":{"line":15,"column":77},"end":{"line":15,"column":84}}],"line":15},"1":{"loc":{"start":{"line":17,"column":56},"end":{"line":17,"column":84}},"type":"binary-expr","locations":[{"start":{"line":17,"column":56},"end":{"line":17,"column":78}},{"start":{"line":17,"column":82},"end":{"line":17,"column":84}}],"line":17}},"s":{"0":1},"f":{"0":1},"b":{"0":[1,0],"1":[1,0]},"_coverageSchema":"1a1c01bbd47fc00a2c39e90264f33305004495a9","hash":"430d948d7999ecde96388ede44f0b7b74d6c7723"}
,"/repos/desarrollos/meli/front/meli/src/views/results/productList.js": {"path":"/repos/desarrollos/meli/front/meli/src/views/results/productList.js","statementMap":{"0":{"start":{"line":7,"column":4},"end":{"line":20,"column":6}},"1":{"start":{"line":14,"column":28},"end":{"line":14,"column":69}}},"fnMap":{"0":{"name":"ProductList","decl":{"start":{"line":6,"column":9},"end":{"line":6,"column":20}},"loc":{"start":{"line":6,"column":45},"end":{"line":21,"column":1}},"line":6},"1":{"name":"(anonymous_1)","decl":{"start":{"line":13,"column":37},"end":{"line":13,"column":38}},"loc":{"start":{"line":13,"column":53},"end":{"line":15,"column":25}},"line":13}},"branchMap":{},"s":{"0":1,"1":1},"f":{"0":1,"1":1},"b":{},"_coverageSchema":"1a1c01bbd47fc00a2c39e90264f33305004495a9","hash":"d0a6e9f478147f5bbda82f1e9e38e05dc8006003"}
,"/repos/desarrollos/meli/front/meli/src/views/results/results.js": {"path":"/repos/desarrollos/meli/front/meli/src/views/results/results.js","statementMap":{"0":{"start":{"line":8,"column":44},"end":{"line":8,"column":75}},"1":{"start":{"line":10,"column":4},"end":{"line":16,"column":6}}},"fnMap":{"0":{"name":"Results","decl":{"start":{"line":7,"column":9},"end":{"line":7,"column":16}},"loc":{"start":{"line":7,"column":32},"end":{"line":17,"column":1}},"line":7}},"branchMap":{"0":{"loc":{"start":{"line":12,"column":13},"end":{"line":14,"column":73}},"type":"cond-expr","locations":[{"start":{"line":13,"column":14},"end":{"line":13,"column":24}},{"start":{"line":14,"column":14},"end":{"line":14,"column":73}}],"line":12}},"s":{"0":1,"1":1},"f":{"0":1},"b":{"0":[0,1]},"_coverageSchema":"1a1c01bbd47fc00a2c39e90264f33305004495a9","hash":"d13289bbbe4fdcf50db51f888d645aaee5d7f4b3"}
}
