TN:
SF:src/index.js
FN:10,(anonymous_0)
FNF:1
FNH:0
FNDA:0,(anonymous_0)
DA:7,0
DA:10,0
LF:2
LH:0
BRF:0
BRH:0
end_of_record
TN:
SF:src/components/BreadCrumb/BreadCrumb.js
FN:5,BreadCrumb
FN:10,(anonymous_1)
FNF:2
FNH:2
FNDA:2,BreadCrumb
FNDA:2,(anonymous_1)
DA:6,2
DA:10,2
LF:2
LH:2
BRDA:10,0,0,2
BRDA:10,0,1,1
BRDA:10,1,0,1
BRDA:10,1,1,1
BRF:4
BRH:4
end_of_record
TN:
SF:src/components/Loader/Loader.js
FN:3,Loader
FNF:1
FNH:1
FNDA:1,Loader
DA:4,1
LF:1
LH:1
BRF:0
BRH:0
end_of_record
TN:
SF:src/components/Searchbox/SearchBox.js
FN:6,SearchBox
FN:9,(anonymous_1)
FN:13,(anonymous_2)
FN:23,(anonymous_3)
FNF:4
FNH:4
FNDA:5,SearchBox
FNDA:1,(anonymous_1)
FNDA:2,(anonymous_2)
FNDA:1,(anonymous_3)
DA:7,5
DA:9,5
DA:10,1
DA:13,5
DA:14,2
DA:16,2
DA:17,2
DA:18,1
DA:20,2
DA:23,5
DA:24,1
DA:27,5
LF:12
LH:12
BRDA:17,0,0,1
BRDA:17,0,1,1
BRF:2
BRH:2
end_of_record
TN:
SF:src/hooks/useFetchDataItem.js
FN:4,(anonymous_0)
FN:10,(anonymous_1)
FN:14,(anonymous_2)
FN:15,(anonymous_3)
FNF:4
FNH:1
FNDA:1,(anonymous_0)
FNDA:0,(anonymous_1)
FNDA:0,(anonymous_2)
FNDA:0,(anonymous_3)
DA:4,1
DA:5,1
DA:6,1
DA:7,1
DA:8,1
DA:10,1
DA:11,0
DA:12,0
DA:13,0
DA:14,0
DA:16,0
DA:17,0
DA:18,0
DA:20,0
DA:23,0
DA:27,1
LF:16
LH:7
BRDA:16,0,0,0
BRDA:16,0,1,0
BRF:2
BRH:0
end_of_record
TN:
SF:src/hooks/useFetchDataSearch.js
FN:5,(anonymous_0)
FN:10,(anonymous_1)
FN:15,(anonymous_2)
FN:16,(anonymous_3)
FNF:4
FNH:1
FNDA:1,(anonymous_0)
FNDA:0,(anonymous_1)
FNDA:0,(anonymous_2)
FNDA:0,(anonymous_3)
DA:5,1
DA:6,1
DA:7,1
DA:8,1
DA:10,1
DA:11,0
DA:12,0
DA:13,0
DA:14,0
DA:15,0
DA:17,0
DA:18,0
DA:19,0
DA:20,0
DA:24,1
LF:15
LH:6
BRF:0
BRH:0
end_of_record
TN:
SF:src/services/meli.service.js
FN:3,(anonymous_0)
FN:7,(anonymous_1)
FNF:2
FNH:2
FNDA:1,(anonymous_0)
FNDA:1,(anonymous_1)
DA:1,3
DA:3,3
DA:4,1
DA:7,3
DA:8,1
LF:5
LH:5
BRF:0
BRH:0
end_of_record
TN:
SF:src/views/detail/detail.js
FN:6,Detail
FNF:1
FNH:1
FNDA:1,Detail
DA:7,1
DA:9,1
LF:2
LH:2
BRDA:11,0,0,0
BRDA:11,0,1,1
BRF:2
BRH:1
end_of_record
TN:
SF:src/views/detail/product.js
FN:6,Product
FNF:1
FNH:1
FNDA:1,Product
DA:7,1
LF:1
LH:1
BRDA:9,0,0,0
BRDA:9,0,1,1
BRDA:19,1,0,1
BRDA:19,1,1,0
BRDA:19,2,0,0
BRDA:19,2,1,1
BRDA:29,3,0,1
BRDA:29,3,1,0
BRF:8
BRH:4
end_of_record
TN:
SF:src/views/layouts/Ecommerce.js
FN:9,Ecommerce
FN:22,(anonymous_1)
FN:23,(anonymous_2)
FNF:3
FNH:0
FNDA:0,Ecommerce
FNDA:0,(anonymous_1)
FNDA:0,(anonymous_2)
DA:10,0
DA:22,0
DA:23,0
LF:3
LH:0
BRF:0
BRH:0
end_of_record
TN:
SF:src/views/results/card.js
FN:6,Card
FNF:1
FNH:1
FNDA:1,Card
DA:7,1
LF:1
LH:1
BRDA:15,0,0,1
BRDA:15,0,1,0
BRDA:17,1,0,1
BRDA:17,1,1,0
BRF:4
BRH:2
end_of_record
TN:
SF:src/views/results/productList.js
FN:6,ProductList
FN:13,(anonymous_1)
FNF:2
FNH:2
FNDA:1,ProductList
FNDA:1,(anonymous_1)
DA:7,1
DA:14,1
LF:2
LH:2
BRF:0
BRH:0
end_of_record
TN:
SF:src/views/results/results.js
FN:7,Results
FNF:1
FNH:1
FNDA:1,Results
DA:8,1
DA:10,1
LF:2
LH:2
BRDA:12,0,0,0
BRDA:12,0,1,1
BRF:2
BRH:1
end_of_record
